Copyright 1986-2022 Xilinx, Inc. All Rights Reserved. Copyright 2022-2024 Advanced Micro Devices, Inc. All Rights Reserved.
---------------------------------------------------------------------------------------------------------------------------------------------
| Tool Version : Vivado v.2024.2 (win64) Build 5239630 Fri Nov 08 22:35:27 MST 2024
| Date         : Fri Jun 20 16:06:55 2025
| Host         : CRESTA running 64-bit major release  (build 9200)
| Command      : report_drc -file traffic_light_drc_routed.rpt -pb traffic_light_drc_routed.pb -rpx traffic_light_drc_routed.rpx
| Design       : traffic_light
| Device       : xc7z020clg484-1
| Speed File   : -1
| Design State : Fully Routed
---------------------------------------------------------------------------------------------------------------------------------------------

Report DRC

Table of Contents
-----------------
1. REPORT SUMMARY
2. REPORT DETAILS

1. REPORT SUMMARY
-----------------
            Netlist: netlist
          Floorplan: design_1
      Design limits: <entire design considered>
           Ruledeck: default
             Max checks: <unlimited>
             Checks found: 2
+----------+----------+--------------------+--------+
| Rule     | Severity | Description        | Checks |
+----------+----------+--------------------+--------+
| PDRC-153 | Warning  | Gated clock check  | 1      |
| ZPS7-1   | Warning  | PS7 block required | 1      |
+----------+----------+--------------------+--------+

2. REPORT DETAILS
-----------------
PDRC-153#1 Warning
Gated clock check  
Net next_state3 is a gated clock net sourced by a combinational pin FSM_sequential_next_state3_reg[1]_i_2/O, cell FSM_sequential_next_state3_reg[1]_i_2. This is not good design practice and will likely impact performance. For SLICE registers, for example, use the CE pin to control the loading of data.
Related violations: <none>

ZPS7-1#1 Warning
PS7 block required  
The PS7 cell must be used in this Zynq design in order to enable correct default configuration.
Related violations: <none>


