#-----------------------------------------------------------
# Vivado v2024.2 (64-bit)
# SW Build 5239630 on Fri Nov 08 22:35:27 MST 2024
# IP Build 5239520 on Sun Nov 10 16:12:51 MST 2024
# SharedData Build 5239561 on Fri Nov 08 14:39:27 MST 2024
# Start of session at: Tue Jun 24 22:51:11 2025
# Process ID         : 200
# Current directory  : C:/Users/debar/Desktop/projcver/Traffic_Light
# Command line       : vivado.exe -gui_launcher_event rodinguilauncherevent10628 C:\Users\debar\Desktop\projcver\Traffic_Light\Traffic_Light.xpr
# Log file           : C:/Users/debar/Desktop/projcver/Traffic_Light/vivado.log
# Journal file       : C:/Users/debar/Desktop/projcver/Traffic_Light\vivado.jou
# Running On         : CRESTA
# Platform           : Windows Server 2016 or Windows 10
# Operating System   : 26100
# Processor Detail   : Intel(R) Core(TM) i5-10300H CPU @ 2.50GHz
# CPU Frequency      : 2496 MHz
# CPU Physical cores : 4
# CPU Logical cores  : 8
# Host memory        : 17002 MB
# Swap memory        : 7516 MB
# Total Virtual      : 24518 MB
# Available Virtual  : 13130 MB
#-----------------------------------------------------------
start_gui
open_project C:/Users/debar/Desktop/projcver/Traffic_Light/Traffic_Light.xpr
WARNING: [Board 49-26] cannot add Board Part digilentinc.com:genesys2:part0:1.1 available at D:/xilinx/Vivado/2024.2/data/boards/board_files/genesys2/H/board.xml as part xc7k325tffg900-2 specified in board_part file is either invalid or not available
WARNING: [Board 49-26] cannot add Board Part digilentinc.com:sword:part0:1.0 available at D:/xilinx/Vivado/2024.2/data/boards/board_files/sword/C.0/board.xml as part xc7k325tffg900-2 specified in board_part file is either invalid or not available
INFO: [filemgmt 56-3] Default IP Output Path : Could not find the directory 'C:/Users/debar/Desktop/projcver/Traffic_Light/Traffic_Light.gen/sources_1'.
Scanning sources...
Finished scanning sources
WARNING: [Board 49-151] The current board 'digilentinc.com::zedboard:1.1' is from a local repo. The vivado install has a corresponding board with version greater than or equal to the local repo board. Please use boards from vivado install to avoid any upgrade/migrate issues
INFO: [IP_Flow 19-234] Refreshing IP repositories
INFO: [IP_Flow 19-1704] No user IP repositories specified
INFO: [IP_Flow 19-2313] Loaded Vivado IP repository 'D:/xilinx/Vivado/2024.2/data/ip'.
open_project: Time (s): cpu = 00:00:17 ; elapsed = 00:00:08 . Memory (MB): peak = 1313.957 ; gain = 220.328
update_compile_order -fileset sources_1
exit
INFO: [Common 17-206] Exiting Vivado at Tue Jun 24 22:51:58 2025...
